C51 COMPILER V9.54   DK                                                                    04/03/2022 19:48:37 PAGE 1   


C51 COMPILER V9.54, COMPILATION OF MODULE DK
OBJECT MODULE PLACED IN .\Objects\dk.obj
COMPILER INVOKED BY: D:\software\keil5\C51\BIN\C51.EXE dk.c OPTIMIZE(8,SPEED) BROWSE DEBUG OBJECTEXTEND PRINT(.\Listings
                    -\dk.lst) TABS(2) OBJECT(.\Objects\dk.obj)

line level    source

   1          #include<regx52.h>
   2          #include<delay.h>
*** WARNING C318 IN LINE 2 OF dk.c: can't open file 'delay.h'
   3          unsigned char ntb[]={0x3f,0x06,0x5b,0x4f,0x66,0x6d,0x7d,0x07,0x7f,0x6f};
   4          void delay(unsigned int xms);
   5          void Nt(unsigned char location,num)
   6          {
   7   1        switch(location)
   8   1        {
   9   2          case 1:P2_4=1;P2_3=1;P2_2=1;break;
  10   2          case 2:P2_4=1;P2_3=1;P2_2=0;break;
  11   2          case 3:P2_4=1;P2_3=0;P2_2=1;break;
  12   2          case 4:P2_4=1;P2_3=0;P2_2=0;break;
  13   2          case 5:P2_4=0;P2_3=1;P2_2=1;break;
  14   2          case 6:P2_4=0;P2_3=1;P2_2=0;break;
  15   2          case 7:P2_4=0;P2_3=0;P2_2=1;break;
  16   2          case 8:P2_4=0;P2_3=0;P2_2=0;break;
  17   2        }
  18   1        P0=ntb[num];
  19   1        delay(1);
  20   1        P0=0x00;
  21   1      }
  22          
  23          void delay(unsigned int xms)
  24          {
  25   1        unsigned char i, j;
  26   1        while(xms--)
  27   1        {
  28   2          i = 2;
  29   2          j = 239;
  30   2          do
  31   2          {
  32   3            while (--j);
  33   3          } while (--i);
  34   2        }
  35   1      }
  36          
  37          void Timer0_Init()
  38          {
  39   1          TMOD=0x01; //0000 0001
  40   1          TF0=0;
  41   1          TR0=1;
  42   1          TH0=64535/256;
  43   1          TL0=64535%256;
  44   1          ET0=1;
  45   1          EA=1;
  46   1          PT0=0;
  47   1      }


MODULE INFORMATION:   STATIC OVERLAYABLE
   CODE SIZE        =    150    ----
   CONSTANT SIZE    =   ----    ----
   XDATA SIZE       =   ----    ----
C51 COMPILER V9.54   DK                                                                    04/03/2022 19:48:37 PAGE 2   

   PDATA SIZE       =   ----    ----
   DATA SIZE        =     10    ----
   IDATA SIZE       =   ----    ----
   BIT SIZE         =   ----    ----
END OF MODULE INFORMATION.


C51 COMPILATION COMPLETE.  1 WARNING(S),  0 ERROR(S)
