C51 COMPILER V9.54   MXKEY                                                                 04/04/2022 18:59:50 PAGE 1   


C51 COMPILER V9.54, COMPILATION OF MODULE MXKEY
OBJECT MODULE PLACED IN .\Objects\mxkey.obj
COMPILER INVOKED BY: D:\software\keil5\C51\BIN\C51.EXE mxkey.c OPTIMIZE(8,SPEED) BROWSE DEBUG OBJECTEXTEND PRINT(.\Listi
                    -ngs\mxkey.lst) TABS(2) OBJECT(.\Objects\mxkey.obj)

line level    source

   1          #include <regx52.h>
   2          #include "dk.h"
   3          unsigned char mxkey()
   4          {
   5   1        unsigned char KeyNum=0;
   6   1        P1=0xFF;
   7   1        P1_7=0;
   8   1        if(P1_3==0){delay(20);while(P1_3==0);delay(20);KeyNum=1;}
   9   1        if(P1_2==0){delay(20);while(P1_2==0);delay(20);KeyNum=2;}
  10   1        if(P1_1==0){delay(20);while(P1_1==0);delay(20);KeyNum=3;}
  11   1        if(P1_0==0){delay(20);while(P1_0==0);delay(20);KeyNum=4;}
  12   1        P1=0xFF;
  13   1        P1_6=0;
  14   1        if(P1_3==0){delay(20);while(P1_3==0);delay(20);KeyNum=5;}
  15   1        if(P1_2==0){delay(20);while(P1_2==0);delay(20);KeyNum=6;}
  16   1        if(P1_1==0){delay(20);while(P1_1==0);delay(20);KeyNum=7;}
  17   1        if(P1_0==0){delay(20);while(P1_0==0);delay(20);KeyNum=8;}
  18   1        P1=0xFF;
  19   1        P1_5=0;
  20   1        if(P1_3==0){delay(20);while(P1_3==0);delay(20);KeyNum=9;}
  21   1        if(P1_2==0){delay(20);while(P1_2==0);delay(20);KeyNum=10;}
  22   1        if(P1_1==0){delay(20);while(P1_1==0);delay(20);KeyNum=11;}
  23   1        if(P1_0==0){delay(20);while(P1_0==0);delay(20);KeyNum=12;}
  24   1        P1=0xFF;
  25   1        P1_4=0;
  26   1        if(P1_3==0){delay(20);while(P1_3==0);delay(20);KeyNum=13;}
  27   1        if(P1_2==0){delay(20);while(P1_2==0);delay(20);KeyNum=14;}
  28   1        if(P1_1==0){delay(20);while(P1_1==0);delay(20);KeyNum=15;}
  29   1        if(P1_0==0){delay(20);while(P1_0==0);delay(20);KeyNum=16;}
  30   1      
  31   1        return KeyNum;
  32   1      }


MODULE INFORMATION:   STATIC OVERLAYABLE
   CODE SIZE        =    393    ----
   CONSTANT SIZE    =   ----    ----
   XDATA SIZE       =   ----    ----
   PDATA SIZE       =   ----    ----
   DATA SIZE        =   ----       1
   IDATA SIZE       =   ----    ----
   BIT SIZE         =   ----    ----
END OF MODULE INFORMATION.


C51 COMPILATION COMPLETE.  0 WARNING(S),  0 ERROR(S)
